2025-09-02 20:32:37,476 - INFO - [31m[1mWARNING: This is a development server. Do not use it in a production deployment. Use a production WSGI server instead.[0m
 * Running on http://127.0.0.1:5000
2025-09-02 20:32:37,476 - INFO - [33mPress CTRL+C to quit[0m
2025-09-02 20:32:37,477 - INFO -  * Restarting with stat
2025-09-02 20:32:37,833 - WARNING -  * Debugger is active!
2025-09-02 20:32:37,845 - INFO -  * Debugger PIN: 114-261-323
2025-09-02 20:33:44,547 - INFO - [31m[1mWARNING: This is a development server. Do not use it in a production deployment. Use a production WSGI server instead.[0m
 * Running on http://127.0.0.1:5000
2025-09-02 20:33:44,547 - INFO - [33mPress CTRL+C to quit[0m
2025-09-02 20:33:44,547 - INFO -  * Restarting with stat
2025-09-02 20:33:44,909 - WARNING -  * Debugger is active!
2025-09-02 20:33:44,920 - INFO -  * Debugger PIN: 114-261-323
2025-09-02 20:35:07,973 - INFO - [31m[1mWARNING: This is a development server. Do not use it in a production deployment. Use a production WSGI server instead.[0m
 * Running on http://127.0.0.1:5000
2025-09-02 20:35:07,974 - INFO - [33mPress CTRL+C to quit[0m
2025-09-02 20:35:07,974 - INFO -  * Restarting with stat
2025-09-02 20:35:08,332 - WARNING -  * Debugger is active!
2025-09-02 20:35:08,343 - INFO -  * Debugger PIN: 114-261-323
2025-09-02 20:35:41,744 - INFO -  * Detected change in '/Users/divyanshkachchhava/LockIn/app.py', reloading
2025-09-02 20:35:41,810 - INFO -  * Restarting with stat
2025-09-02 20:35:45,804 - INFO - [31m[1mWARNING: This is a development server. Do not use it in a production deployment. Use a production WSGI server instead.[0m
 * Running on http://127.0.0.1:5000
2025-09-02 20:35:45,804 - INFO - [33mPress CTRL+C to quit[0m
2025-09-02 20:35:45,805 - INFO -  * Restarting with stat
2025-09-02 20:35:46,175 - WARNING -  * Debugger is active!
2025-09-02 20:35:46,185 - INFO -  * Debugger PIN: 114-261-323
2025-09-02 20:36:16,810 - INFO - [31m[1mWARNING: This is a development server. Do not use it in a production deployment. Use a production WSGI server instead.[0m
 * Running on http://127.0.0.1:5000
2025-09-02 20:36:16,810 - INFO - [33mPress CTRL+C to quit[0m
2025-09-02 20:36:16,811 - INFO -  * Restarting with stat
2025-09-02 20:36:17,175 - WARNING -  * Debugger is active!
2025-09-02 20:36:17,186 - INFO -  * Debugger PIN: 114-261-323
